#
# A fatal error has been detected by the Java Runtime Environment:
#
#  EXCEPTION_ACCESS_VIOLATION (0xc0000005) at pc=0x000000006f9c1e6d, pid=10672, tid=0x00000000000035a8
#
# JRE version: Java(TM) SE Runtime Environment (8.0_131-b11) (build 1.8.0_131-b11)
# Java VM: Java HotSpot(TM) 64-Bit Server VM (25.131-b11 mixed mode windows-amd64 compressed oops)
# Problematic frame:
# V  [jvm.dll+0x4a1e6d]
#
# Failed to write core dump. Minidumps are not enabled by default on client versions of Windows
#
# If you would like to submit a bug report, please visit:
#   http://bugreport.java.com/bugreport/crash.jsp
#

---------------  T H R E A D  ---------------

Current thread (0x000000001f7cc000):  JavaThread "C2 CompilerThread0" daemon [_thread_in_native, id=13736, stack(0x000000001fb60000,0x000000001fc60000)]

siginfo: ExceptionCode=0xc0000005, writing address 0x0000000067d3ce60

Registers:
RAX=0x000000001fc5ee50, RBX=0x0000000067d3ce60, RCX=0x0000000000000006, RDX=0x0000000035856da0
RSP=0x000000001fc5c640, RBP=0x0000000000000050, RSI=0x000000000000000a, RDI=0x0000000038ab10a0
R8 =0xfffffffffffffff8, R9 =0x000000001fc5c6c0, R10=0x000000006fd3ce60, R11=0x000000006f520000
R12=0x00000000000006a8, R13=0x0000000000008520, R14=0x00000000000000d5, R15=0x0000000000000000
RIP=0x000000006f9c1e6d, EFLAGS=0x0000000000010246

Top of Stack: (sp=0x000000001fc5c640)
0x000000001fc5c640:   000000001fc5c7f0 00000000000000b1
0x000000001fc5c650:   0000000000000588 00000000322e70e8
0x000000001fc5c660:   000000001fc5c7f0 000000006f9dbca4
0x000000001fc5c670:   000000000000000a 0000000038ab10a0
0x000000001fc5c680:   0000000037472640 0000000000000000
0x000000001fc5c690:   fffffffffffffff8 000000001f7c9610
0x000000001fc5c6a0:   00000000374cfb10 00000000001f55a8
0x000000001fc5c6b0:   00000000374d2330 00000000374d7af8
0x000000001fc5c6c0:   000000006fb97228 000000001f7c9610
0x000000001fc5c6d0:   0000000000000040 00000000310fd820
0x000000001fc5c6e0:   000000001fc5c7b0 00000000000003d8
0x000000001fc5c6f0:   0000000028b46f48 0000000028b46b70
0x000000001fc5c700:   0000000000000000 0000000028b46b60
0x000000001fc5c710:   000000001fc5c830 000000001fc5caa0
0x000000001fc5c720:   000000001fc5cbb0 000000006f988f63
0x000000001fc5c730:   0000000000000000 0000000000000001 

Instructions: (pc=0x000000006f9c1e6d)
0x000000006f9c1e4d:   f2 48 8b 1c f0 ff 15 98 a5 13 00 48 8b 90 d0 03
0x000000006f9c1e5d:   00 00 48 8b 82 88 00 00 00 48 8b 90 f0 07 00 00
0x000000006f9c1e6d:   48 89 13 8b 0d d2 09 31 00 ff 15 74 a5 13 00 48
0x000000006f9c1e7d:   8b 88 d0 03 00 00 48 8b 81 88 00 00 00 48 8d 0d 


Register to memory mapping:

RAX=0x000000001fc5ee50 is pointing into the stack for thread: 0x000000001f7cc000
RBX=0x0000000067d3ce60 is an unknown value
RCX=0x0000000000000006 is an unknown value
RDX=0x0000000035856da0 is an unknown value
RSP=0x000000001fc5c640 is pointing into the stack for thread: 0x000000001f7cc000
RBP=0x0000000000000050 is an unknown value
RSI=0x000000000000000a is an unknown value
RDI=0x0000000038ab10a0 is an unknown value
R8 =0xfffffffffffffff8 is an unknown value
R9 =0x000000001fc5c6c0 is pointing into the stack for thread: 0x000000001f7cc000
R10=0x000000006fd3ce60 is an unknown value
R11=0x000000006f520000 is an unknown value
R12=0x00000000000006a8 is an unknown value
R13=0x0000000000008520 is an unknown value
R14=0x00000000000000d5 is an unknown value
R15=0x0000000000000000 is an unknown value


Stack: [0x000000001fb60000,0x000000001fc60000],  sp=0x000000001fc5c640,  free space=1009k
Native frames: (J=compiled Java code, j=interpreted, Vv=VM code, C=native code)
V  [jvm.dll+0x4a1e6d]
V  [jvm.dll+0x4bbca4]
V  [jvm.dll+0x468f63]
V  [jvm.dll+0x47465b]
V  [jvm.dll+0x476f67]
V  [jvm.dll+0x4599f2]
V  [jvm.dll+0xa5de2]
V  [jvm.dll+0xa671f]
V  [jvm.dll+0x24537f]
V  [jvm.dll+0x29cc1a]
C  [msvcr100.dll+0x21d9f]
C  [msvcr100.dll+0x21e3b]
C  [KERNEL32.dll+0x17034]
C  [ntdll.dll+0x4d0d1]


Current CompileTask:
C2:  11083 6358       4       org.springframework.core.ResolvableType::forType (115 bytes)


---------------  P R O C E S S  ---------------

Java Threads: ( => current thread )
  0x00000000298ce000 JavaThread "HikariPool-1 connection adder" daemon [_thread_blocked, id=2820, stack(0x000000002fd20000,0x000000002fe20000)]
  0x00000000298cd000 JavaThread "HikariPool-1 housekeeper" daemon [_thread_blocked, id=24036, stack(0x000000002f5f0000,0x000000002f6f0000)]
  0x00000000298cc800 JavaThread "mysql-cj-abandoned-connection-cleanup" daemon [_thread_blocked, id=20624, stack(0x000000002f4f0000,0x000000002f5f0000)]
  0x00000000298c7000 JavaThread "data-plane-kafka-socket-acceptor-ListenerName(PLAINTEXT)-PLAINTEXT-9092" [_thread_in_native, id=20640, stack(0x000000002ebf0000,0x000000002ecf0000)]
  0x00000000298c6800 JavaThread "data-plane-kafka-network-thread-0-ListenerName(PLAINTEXT)-PLAINTEXT-2" [_thread_in_native, id=12944, stack(0x000000002eaf0000,0x000000002ebf0000)]
  0x00000000298cb800 JavaThread "data-plane-kafka-network-thread-0-ListenerName(PLAINTEXT)-PLAINTEXT-1" [_thread_in_native, id=28300, stack(0x000000002e9f0000,0x000000002eaf0000)]
  0x00000000298ca000 JavaThread "data-plane-kafka-network-thread-0-ListenerName(PLAINTEXT)-PLAINTEXT-0" [_thread_in_native, id=28472, stack(0x000000002e8f0000,0x000000002e9f0000)]
  0x00000000298cb000 JavaThread "kafka-scheduler-0" daemon [_thread_blocked, id=8128, stack(0x000000002e7f0000,0x000000002e8f0000)]
  0x00000000298c8800 JavaThread "/config/changes-event-process-thread" [_thread_blocked, id=19036, stack(0x000000002e4f0000,0x000000002e5f0000)]
  0x00000000298c5800 JavaThread "data-plane-kafka-request-handler-7" daemon [_thread_blocked, id=18364, stack(0x000000002e3f0000,0x000000002e4f0000)]
  0x00000000298c9800 JavaThread "data-plane-kafka-request-handler-6" daemon [_thread_blocked, id=13752, stack(0x000000002e2f0000,0x000000002e3f0000)]
  0x0000000025bbd000 JavaThread "data-plane-kafka-request-handler-5" daemon [_thread_blocked, id=3580, stack(0x000000002e1f0000,0x000000002e2f0000)]
  0x0000000025bbb800 JavaThread "data-plane-kafka-request-handler-4" daemon [_thread_blocked, id=24580, stack(0x000000002e0f0000,0x000000002e1f0000)]
  0x0000000025bbe000 JavaThread "data-plane-kafka-request-handler-3" daemon [_thread_blocked, id=28416, stack(0x000000002dff0000,0x000000002e0f0000)]
  0x0000000025bbb000 JavaThread "data-plane-kafka-request-handler-2" daemon [_thread_blocked, id=532, stack(0x000000002def0000,0x000000002dff0000)]
  0x0000000025bba000 JavaThread "data-plane-kafka-request-handler-1" daemon [_thread_blocked, id=16212, stack(0x000000002ddf0000,0x000000002def0000)]
  0x0000000025bb9800 JavaThread "data-plane-kafka-request-handler-0" daemon [_thread_blocked, id=9728, stack(0x000000002dcf0000,0x000000002ddf0000)]
  0x0000000025bbc800 JavaThread "ExpirationReaper-0-AlterAcls" [_thread_blocked, id=15492, stack(0x000000002dbf0000,0x000000002dcf0000)]
  0x0000000025bbe800 JavaThread "Controller-0-to-broker-0-send-thread" [_thread_blocked, id=5608, stack(0x000000002daf0000,0x000000002dbf0000)]
  0x0000000025bb5000 JavaThread "TxnMarkerSenderThread-0" [_thread_in_native, id=24372, stack(0x000000002d9f0000,0x000000002daf0000)]
  0x0000000025bb8800 JavaThread "transaction-log-manager-0" daemon [_thread_blocked, id=3468, stack(0x000000002d8f0000,0x000000002d9f0000)]
  0x0000000025bb5800 JavaThread "group-metadata-manager-0" daemon [_thread_blocked, id=15712, stack(0x000000002d5f0000,0x000000002d6f0000)]
  0x0000000025bb6800 JavaThread "ExpirationReaper-0-Rebalance" [_thread_blocked, id=19392, stack(0x000000002d4f0000,0x000000002d5f0000)]
  0x0000000025bb4000 JavaThread "ExpirationReaper-0-Heartbeat" [_thread_blocked, id=20880, stack(0x000000002d3f0000,0x000000002d4f0000)]
  0x0000000025bb8000 JavaThread "ExpirationReaper-0-topic" [_thread_blocked, id=27000, stack(0x000000002d2f0000,0x000000002d3f0000)]
  0x0000000025bb7000 JavaThread "controller-event-thread" [_thread_blocked, id=13348, stack(0x000000002d1f0000,0x000000002d2f0000)]
  0x0000000025bb1000 JavaThread "LogDirFailureHandler" [_thread_blocked, id=9984, stack(0x000000002cef0000,0x000000002cff0000)]
  0x0000000025bb3800 JavaThread "kafka-scheduler-9" daemon [_thread_blocked, id=25724, stack(0x000000002cdf0000,0x000000002cef0000)]
  0x0000000025bb0800 JavaThread "kafka-scheduler-8" daemon [_thread_blocked, id=26716, stack(0x000000002ccf0000,0x000000002cdf0000)]
  0x0000000025baf800 JavaThread "kafka-scheduler-7" daemon [_thread_blocked, id=22904, stack(0x000000002cbf0000,0x000000002ccf0000)]
  0x0000000025bb2800 JavaThread "kafka-scheduler-6" daemon [_thread_blocked, id=11764, stack(0x000000002caf0000,0x000000002cbf0000)]
  0x0000000025bb2000 JavaThread "kafka-scheduler-5" daemon [_thread_blocked, id=17684, stack(0x000000002c9f0000,0x000000002caf0000)]
  0x0000000022754000 JavaThread "ExpirationReaper-0-ElectLeader" [_thread_blocked, id=19676, stack(0x000000002c8f0000,0x000000002c9f0000)]
  0x0000000022753000 JavaThread "ExpirationReaper-0-DeleteRecords" [_thread_blocked, id=10824, stack(0x000000002c7f0000,0x000000002c8f0000)]
  0x0000000022752800 JavaThread "ExpirationReaper-0-Fetch" [_thread_blocked, id=16364, stack(0x000000002c6f0000,0x000000002c7f0000)]
  0x0000000022751000 JavaThread "ExpirationReaper-0-Produce" [_thread_blocked, id=7468, stack(0x000000002aaa0000,0x000000002aba0000)]
  0x0000000022750000 JavaThread "kafka-log-cleaner-thread-0" [_thread_blocked, id=19812, stack(0x000000002c3f0000,0x000000002c4f0000)]
  0x0000000022748800 JavaThread "kafka-scheduler-4" daemon [_thread_blocked, id=21652, stack(0x000000002c2f0000,0x000000002c3f0000)]
  0x000000002274f800 JavaThread "kafka-scheduler-3" daemon [_thread_blocked, id=23844, stack(0x000000002c1f0000,0x000000002c2f0000)]
  0x0000000022748000 JavaThread "kafka-scheduler-2" daemon [_thread_blocked, id=24168, stack(0x000000002c0f0000,0x000000002c1f0000)]
  0x000000002274c800 JavaThread "kafka-scheduler-1" daemon [_thread_blocked, id=11004, stack(0x000000002bff0000,0x000000002c0f0000)]
  0x000000002274e000 JavaThread "kafka-scheduler-0" daemon [_thread_blocked, id=27860, stack(0x000000002ac90000,0x000000002ad90000)]
  0x000000002274b800 JavaThread "ThrottledChannelReaper-Request" [_thread_blocked, id=5484, stack(0x000000002bc30000,0x000000002bd30000)]
  0x0000000022749800 JavaThread "ThrottledChannelReaper-Produce" [_thread_blocked, id=22884, stack(0x000000002bb30000,0x000000002bc30000)]
  0x000000002274e800 JavaThread "ThrottledChannelReaper-Fetch" [_thread_blocked, id=13944, stack(0x000000002ba30000,0x000000002bb30000)]
  0x0000000022746800 JavaThread "SensorExpiryThread" daemon [_thread_blocked, id=14176, stack(0x000000002b930000,0x000000002ba30000)]
  0x000000002274b000 JavaThread "NIOWorkerThread-16" daemon [_thread_blocked, id=19732, stack(0x000000002b630000,0x000000002b730000)]
  0x000000002274d000 JavaThread "NIOWorkerThread-15" daemon [_thread_blocked, id=12472, stack(0x000000002b530000,0x000000002b630000)]
  0x0000000022745000 JavaThread "NIOWorkerThread-14" daemon [_thread_blocked, id=27780, stack(0x000000002b430000,0x000000002b530000)]
  0x0000000022745800 JavaThread "NIOWorkerThread-13" daemon [_thread_blocked, id=27744, stack(0x000000002b330000,0x000000002b430000)]
  0x0000000022747000 JavaThread "NIOWorkerThread-12" daemon [_thread_blocked, id=19636, stack(0x000000002b230000,0x000000002b330000)]
  0x000000002274a000 JavaThread "NIOWorkerThread-11" daemon [_thread_blocked, id=19492, stack(0x000000002b130000,0x000000002b230000)]
  0x0000000021f7b000 JavaThread "NIOWorkerThread-10" daemon [_thread_blocked, id=2332, stack(0x000000002b030000,0x000000002b130000)]
  0x00000000223ae800 JavaThread "NIOWorkerThread-9" daemon [_thread_blocked, id=10008, stack(0x000000002af30000,0x000000002b030000)]
  0x00000000223ad800 JavaThread "NIOWorkerThread-8" daemon [_thread_blocked, id=23908, stack(0x000000002ae30000,0x000000002af30000)]
  0x00000000223ac000 JavaThread "NIOWorkerThread-7" daemon [_thread_blocked, id=9340, stack(0x0000000029110000,0x0000000029210000)]
  0x00000000223ad000 JavaThread "NIOWorkerThread-6" daemon [_thread_blocked, id=27352, stack(0x0000000029010000,0x0000000029110000)]
  0x00000000223ab800 JavaThread "NIOWorkerThread-5" daemon [_thread_blocked, id=8848, stack(0x00000000269c0000,0x0000000026ac0000)]
  0x00000000223aa800 JavaThread "NIOWorkerThread-4" daemon [_thread_blocked, id=22780, stack(0x00000000268c0000,0x00000000269c0000)]
  0x00000000223a9000 JavaThread "NIOWorkerThread-3" daemon [_thread_blocked, id=13896, stack(0x00000000267c0000,0x00000000268c0000)]
  0x00000000223a8800 JavaThread "NIOWorkerThread-2" daemon [_thread_blocked, id=5884, stack(0x000000002a7a0000,0x000000002a8a0000)]
  0x00000000223a7800 JavaThread "NIOWorkerThread-1" daemon [_thread_blocked, id=15824, stack(0x000000002a6a0000,0x000000002a7a0000)]
  0x00000000223aa000 JavaThread "main-EventThread" daemon [_thread_blocked, id=13776, stack(0x000000002a5a0000,0x000000002a6a0000)]
  0x00000000223a0000 JavaThread "main-SendThread(127.0.0.1:55306)" daemon [_thread_in_native, id=21788, stack(0x000000002a4a0000,0x000000002a5a0000)]
  0x00000000223a1800 JavaThread "metrics-meter-tick-thread-2" daemon [_thread_blocked, id=12860, stack(0x0000000027cf0000,0x0000000027df0000)]
  0x00000000223a3000 JavaThread "metrics-meter-tick-thread-1" daemon [_thread_blocked, id=14500, stack(0x0000000026ba0000,0x0000000026ca0000)]
  0x00000000223a6000 JavaThread "ProcessThread(sid:0 cport:55306):" [_thread_blocked, id=13500, stack(0x00000000254f0000,0x00000000255f0000)]
  0x00000000223a1000 JavaThread "SyncThread:0" [_thread_blocked, id=24328, stack(0x0000000023ff0000,0x00000000240f0000)]
  0x00000000223a4800 JavaThread "SessionTracker" [_thread_blocked, id=12784, stack(0x00000000253f0000,0x00000000254f0000)]
  0x000000002239f800 JavaThread "ConnnectionExpirer" [_thread_blocked, id=19856, stack(0x00000000252f0000,0x00000000253f0000)]
  0x00000000223a2800 JavaThread "NIOServerCxnFactory.AcceptThread:/127.0.0.1:0" daemon [_thread_in_native, id=6388, stack(0x00000000251f0000,0x00000000252f0000)]
  0x00000000223a4000 JavaThread "NIOServerCxnFactory.SelectorThread-1" daemon [_thread_in_native, id=11980, stack(0x00000000250f0000,0x00000000251f0000)]
  0x00000000223a5800 JavaThread "NIOServerCxnFactory.SelectorThread-0" daemon [_thread_in_native, id=26568, stack(0x0000000024ff0000,0x00000000250f0000)]
  0x0000000021f7e000 JavaThread "I/O dispatcher 16" [_thread_in_native, id=27676, stack(0x0000000024ef0000,0x0000000024ff0000)]
  0x0000000021f7d000 JavaThread "I/O dispatcher 15" [_thread_in_native, id=25592, stack(0x0000000024df0000,0x0000000024ef0000)]
  0x0000000021f78800 JavaThread "I/O dispatcher 14" [_thread_in_native, id=2456, stack(0x0000000024cf0000,0x0000000024df0000)]
  0x0000000021f78000 JavaThread "I/O dispatcher 13" [_thread_in_native, id=20904, stack(0x0000000024bf0000,0x0000000024cf0000)]
  0x0000000021f77000 JavaThread "I/O dispatcher 12" [_thread_in_native, id=10596, stack(0x0000000024af0000,0x0000000024bf0000)]
  0x0000000021f7c800 JavaThread "I/O dispatcher 11" [_thread_in_native, id=10372, stack(0x00000000249f0000,0x0000000024af0000)]
  0x0000000021f79800 JavaThread "I/O dispatcher 10" [_thread_in_native, id=24212, stack(0x00000000248f0000,0x00000000249f0000)]
  0x0000000021f7b800 JavaThread "I/O dispatcher 9" [_thread_in_native, id=2648, stack(0x00000000247f0000,0x00000000248f0000)]
  0x0000000021f7a000 JavaThread "pool-2-thread-1" [_thread_in_native, id=2976, stack(0x00000000244f0000,0x00000000245f0000)]
  0x0000000020bbc800 JavaThread "I/O dispatcher 8" [_thread_in_native, id=8804, stack(0x0000000023760000,0x0000000023860000)]
  0x0000000020bbc000 JavaThread "I/O dispatcher 7" [_thread_in_native, id=17008, stack(0x0000000023660000,0x0000000023760000)]
  0x0000000020bbb000 JavaThread "I/O dispatcher 6" [_thread_in_native, id=9064, stack(0x0000000023460000,0x0000000023560000)]
  0x0000000020bba800 JavaThread "I/O dispatcher 5" [_thread_in_native, id=28540, stack(0x0000000023360000,0x0000000023460000)]
  0x0000000020bb9800 JavaThread "I/O dispatcher 4" [_thread_in_native, id=16368, stack(0x0000000023260000,0x0000000023360000)]
  0x0000000020bb9000 JavaThread "I/O dispatcher 3" [_thread_in_native, id=29140, stack(0x0000000023160000,0x0000000023260000)]
  0x0000000020bb8000 JavaThread "I/O dispatcher 2" [_thread_in_native, id=988, stack(0x0000000023060000,0x0000000023160000)]
  0x0000000020b9b800 JavaThread "I/O dispatcher 1" [_thread_in_native, id=22436, stack(0x0000000022f60000,0x0000000023060000)]
  0x0000000021b63000 JavaThread "pool-1-thread-1" [_thread_in_native, id=19900, stack(0x0000000022e60000,0x0000000022f60000)]
  0x000000001f7f8000 JavaThread "Service Thread" daemon [_thread_blocked, id=20064, stack(0x000000001ff60000,0x0000000020060000)]
  0x000000001f7ce800 JavaThread "C1 CompilerThread3" daemon [_thread_blocked, id=8576, stack(0x000000001fe60000,0x000000001ff60000)]
  0x000000001f7ce000 JavaThread "C2 CompilerThread2" daemon [_thread_in_native, id=25264, stack(0x000000001fd60000,0x000000001fe60000)]
  0x000000001f7cd000 JavaThread "C2 CompilerThread1" daemon [_thread_in_native, id=5444, stack(0x000000001fc60000,0x000000001fd60000)]
=>0x000000001f7cc000 JavaThread "C2 CompilerThread0" daemon [_thread_in_native, id=13736, stack(0x000000001fb60000,0x000000001fc60000)]
  0x000000001e8b0800 JavaThread "JDWP Command Reader" daemon [_thread_in_native, id=23088, stack(0x000000001f260000,0x000000001f360000)]
  0x000000001e8ad000 JavaThread "JDWP Event Helper Thread" daemon [_thread_blocked, id=14720, stack(0x000000001f160000,0x000000001f260000)]
  0x000000001e89f800 JavaThread "JDWP Transport Listener: dt_socket" daemon [_thread_blocked, id=16860, stack(0x000000001f060000,0x000000001f160000)]
  0x000000001e892000 JavaThread "Attach Listener" daemon [_thread_blocked, id=10020, stack(0x000000001ef60000,0x000000001f060000)]
  0x000000001e891000 JavaThread "Signal Dispatcher" daemon [_thread_blocked, id=25880, stack(0x000000001ee60000,0x000000001ef60000)]
  0x000000001c987800 JavaThread "Finalizer" daemon [_thread_blocked, id=9328, stack(0x000000001ec60000,0x000000001ed60000)]
  0x000000001c980000 JavaThread "Reference Handler" daemon [_thread_blocked, id=15668, stack(0x000000001e760000,0x000000001e860000)]
  0x0000000002dcb000 JavaThread "main" [_thread_in_vm, id=15024, stack(0x0000000002bc0000,0x0000000002cc0000)]

Other Threads:
  0x000000001c978000 VMThread [stack: 0x000000001e660000,0x000000001e760000] [id=10972]
  0x000000001f910000 WatcherThread [stack: 0x0000000020060000,0x0000000020160000] [id=7804]

VM state:not at safepoint (normal execution)

VM Mutex/Monitor currently owned by a thread: None

Heap:
 PSYoungGen      total 335872K, used 242043K [0x000000076b700000, 0x0000000781680000, 0x00000007c0000000)
  eden space 316928K, 70% used [0x000000076b700000,0x00000007790dee20,0x000000077ec80000)
  from space 18944K, 99% used [0x0000000780280000,0x00000007814ffdf8,0x0000000781500000)
  to   space 21504K, 0% used [0x000000077ec80000,0x000000077ec80000,0x0000000780180000)
 ParOldGen       total 199680K, used 23437K [0x00000006c2400000, 0x00000006ce700000, 0x000000076b700000)
  object space 199680K, 11% used [0x00000006c2400000,0x00000006c3ae35e0,0x00000006ce700000)
 Metaspace       used 88180K, capacity 93238K, committed 93332K, reserved 1130496K
  class space    used 11397K, capacity 12145K, committed 12220K, reserved 1048576K

Card table byte_map: [0x0000000012380000,0x0000000012b70000] byte_map_base: 0x000000000ed6e000

Marking Bits: (ParMarkBitMap*) 0x000000006fd3c720
 Begin Bits: [0x00000000138c0000, 0x0000000017830000)
 End Bits:   [0x0000000017830000, 0x000000001b7a0000)

Polling page: 0x00000000013d0000

CodeCache: size=245760Kb used=20549Kb max_used=20549Kb free=225210Kb
 bounds [0x0000000002fc0000, 0x0000000004410000, 0x0000000011fc0000]
 total_blobs=6489 nmethods=5706 adapters=702
 compilation: enabled

Compilation events (10 events):
Event: 11.022 Thread 0x000000001f7ce800 6388       3       org.springframework.orm.jpa.support.PersistenceAnnotationBeanPostProcessor$$Lambda$1139/642942956::<init> (15 bytes)
Event: 11.023 Thread 0x000000001f7ce800 nmethod 6388 0x0000000003c489d0 code [0x0000000003c48b20, 0x0000000003c48d10]
Event: 11.023 Thread 0x000000001f7ce800 6389       3       org.springframework.context.annotation.CommonAnnotationBeanPostProcessor$$Lambda$1142/820069375::get$Lambda (10 bytes)
Event: 11.023 Thread 0x000000001f7ce800 nmethod 6389 0x0000000003c484d0 code [0x0000000003c48640, 0x0000000003c488b0]
Event: 11.034 Thread 0x000000001f7ce800 6390       3       org.springframework.core.MethodParameter::computeParameterType (59 bytes)
Event: 11.034 Thread 0x000000001f7ce800 nmethod 6390 0x0000000004376c90 code [0x0000000004376e20, 0x00000000043772d8]
Event: 11.038 Thread 0x000000001f7ce800 6391       3       sun.reflect.generics.reflectiveObjects.TypeVariableImpl::equals (67 bytes)
Event: 11.039 Thread 0x000000001f7ce800 nmethod 6391 0x0000000003581990 code [0x0000000003581b80, 0x00000000035825d8]
Event: 11.039 Thread 0x000000001f7ce800 6392       1       org.springframework.boot.context.properties.bind.Bindable::getValue (5 bytes)
Event: 11.039 Thread 0x000000001f7ce800 nmethod 6392 0x0000000003c48210 code [0x0000000003c48360, 0x0000000003c48470]

GC Heap History (10 events):
Event: 5.965 GC heap before
{Heap before GC invocations=9 (full 2):
 PSYoungGen      total 193536K, used 193513K [0x000000076b700000, 0x0000000778480000, 0x00000007c0000000)
  eden space 182784K, 100% used [0x000000076b700000,0x0000000776980000,0x0000000776980000)
  from space 10752K, 99% used [0x0000000777700000,0x000000077817a750,0x0000000778180000)
  to   space 13824K, 0% used [0x0000000776980000,0x0000000776980000,0x0000000777700000)
 ParOldGen       total 145920K, used 20132K [0x00000006c2400000, 0x00000006cb280000, 0x000000076b700000)
  object space 145920K, 13% used [0x00000006c2400000,0x00000006c37a91b8,0x00000006cb280000)
 Metaspace       used 55072K, capacity 58236K, committed 58456K, reserved 1099776K
  class space    used 6693K, capacity 7217K, committed 7296K, reserved 1048576K
Event: 5.978 GC heap after
Heap after GC invocations=9 (full 2):
 PSYoungGen      total 196608K, used 13823K [0x000000076b700000, 0x000000077d680000, 0x00000007c0000000)
  eden space 182784K, 0% used [0x000000076b700000,0x000000076b700000,0x0000000776980000)
  from space 13824K, 99% used [0x0000000776980000,0x00000007776ffcc0,0x0000000777700000)
  to   space 17920K, 0% used [0x000000077c500000,0x000000077c500000,0x000000077d680000)
 ParOldGen       total 145920K, used 25304K [0x00000006c2400000, 0x00000006cb280000, 0x000000076b700000)
  object space 145920K, 17% used [0x00000006c2400000,0x00000006c3cb6160,0x00000006cb280000)
 Metaspace       used 55072K, capacity 58236K, committed 58456K, reserved 1099776K
  class space    used 6693K, capacity 7217K, committed 7296K, reserved 1048576K
}
Event: 6.097 GC heap before
{Heap before GC invocations=10 (full 2):
 PSYoungGen      total 196608K, used 33325K [0x000000076b700000, 0x000000077d680000, 0x00000007c0000000)
  eden space 182784K, 10% used [0x000000076b700000,0x000000076ca0b7f0,0x0000000776980000)
  from space 13824K, 99% used [0x0000000776980000,0x00000007776ffcc0,0x0000000777700000)
  to   space 17920K, 0% used [0x000000077c500000,0x000000077c500000,0x000000077d680000)
 ParOldGen       total 145920K, used 25304K [0x00000006c2400000, 0x00000006cb280000, 0x000000076b700000)
  object space 145920K, 17% used [0x00000006c2400000,0x00000006c3cb6160,0x00000006cb280000)
 Metaspace       used 55724K, capacity 58930K, committed 59028K, reserved 1101824K
  class space    used 6783K, capacity 7308K, committed 7356K, reserved 1048576K
Event: 6.105 GC heap after
Heap after GC invocations=10 (full 2):
 PSYoungGen      total 276480K, used 12521K [0x000000076b700000, 0x000000077ec00000, 0x00000007c0000000)
  eden space 258560K, 0% used [0x000000076b700000,0x000000076b700000,0x000000077b380000)
  from space 17920K, 69% used [0x000000077c500000,0x000000077d13a530,0x000000077d680000)
  to   space 17920K, 0% used [0x000000077b380000,0x000000077b380000,0x000000077c500000)
 ParOldGen       total 145920K, used 25312K [0x00000006c2400000, 0x00000006cb280000, 0x000000076b700000)
  object space 145920K, 17% used [0x00000006c2400000,0x00000006c3cb8160,0x00000006cb280000)
 Metaspace       used 55724K, capacity 58930K, committed 59028K, reserved 1101824K
  class space    used 6783K, capacity 7308K, committed 7356K, reserved 1048576K
}
Event: 6.105 GC heap before
{Heap before GC invocations=11 (full 3):
 PSYoungGen      total 276480K, used 12521K [0x000000076b700000, 0x000000077ec00000, 0x00000007c0000000)
  eden space 258560K, 0% used [0x000000076b700000,0x000000076b700000,0x000000077b380000)
  from space 17920K, 69% used [0x000000077c500000,0x000000077d13a530,0x000000077d680000)
  to   space 17920K, 0% used [0x000000077b380000,0x000000077b380000,0x000000077c500000)
 ParOldGen       total 145920K, used 25312K [0x00000006c2400000, 0x00000006cb280000, 0x000000076b700000)
  object space 145920K, 17% used [0x00000006c2400000,0x00000006c3cb8160,0x00000006cb280000)
 Metaspace       used 55724K, capacity 58930K, committed 59028K, reserved 1101824K
  class space    used 6783K, capacity 7308K, committed 7356K, reserved 1048576K
Event: 6.239 GC heap after
Heap after GC invocations=11 (full 3):
 PSYoungGen      total 276480K, used 0K [0x000000076b700000, 0x000000077ec00000, 0x00000007c0000000)
  eden space 258560K, 0% used [0x000000076b700000,0x000000076b700000,0x000000077b380000)
  from space 17920K, 0% used [0x000000077c500000,0x000000077c500000,0x000000077d680000)
  to   space 17920K, 0% used [0x000000077b380000,0x000000077b380000,0x000000077c500000)
 ParOldGen       total 199680K, used 22288K [0x00000006c2400000, 0x00000006ce700000, 0x000000076b700000)
  object space 199680K, 11% used [0x00000006c2400000,0x00000006c39c41d0,0x00000006ce700000)
 Metaspace       used 55722K, capacity 58924K, committed 59028K, reserved 1101824K
  class space    used 6782K, capacity 7307K, committed 7356K, reserved 1048576K
}
Event: 7.763 GC heap before
{Heap before GC invocations=12 (full 3):
 PSYoungGen      total 276480K, used 258560K [0x000000076b700000, 0x000000077ec00000, 0x00000007c0000000)
  eden space 258560K, 100% used [0x000000076b700000,0x000000077b380000,0x000000077b380000)
  from space 17920K, 0% used [0x000000077c500000,0x000000077c500000,0x000000077d680000)
  to   space 17920K, 0% used [0x000000077b380000,0x000000077b380000,0x000000077c500000)
 ParOldGen       total 199680K, used 22288K [0x00000006c2400000, 0x00000006ce700000, 0x000000076b700000)
  object space 199680K, 11% used [0x00000006c2400000,0x00000006c39c41d0,0x00000006ce700000)
 Metaspace       used 68607K, capacity 72420K, committed 72724K, reserved 1112064K
  class space    used 8652K, capacity 9257K, committed 9276K, reserved 1048576K
Event: 7.781 GC heap after
Heap after GC invocations=12 (full 3):
 PSYoungGen      total 276480K, used 15614K [0x000000076b700000, 0x0000000781500000, 0x00000007c0000000)
  eden space 258560K, 0% used [0x000000076b700000,0x000000076b700000,0x000000077b380000)
  from space 17920K, 87% used [0x000000077b380000,0x000000077c2bf870,0x000000077c500000)
  to   space 18944K, 0% used [0x0000000780280000,0x0000000780280000,0x0000000781500000)
 ParOldGen       total 199680K, used 22296K [0x00000006c2400000, 0x00000006ce700000, 0x000000076b700000)
  object space 199680K, 11% used [0x00000006c2400000,0x00000006c39c61d0,0x00000006ce700000)
 Metaspace       used 68607K, capacity 72420K, committed 72724K, reserved 1112064K
  class space    used 8652K, capacity 9257K, committed 9276K, reserved 1048576K
}
Event: 9.434 GC heap before
{Heap before GC invocations=13 (full 3):
 PSYoungGen      total 276480K, used 274174K [0x000000076b700000, 0x0000000781500000, 0x00000007c0000000)
  eden space 258560K, 100% used [0x000000076b700000,0x000000077b380000,0x000000077b380000)
  from space 17920K, 87% used [0x000000077b380000,0x000000077c2bf870,0x000000077c500000)
  to   space 18944K, 0% used [0x0000000780280000,0x0000000780280000,0x0000000781500000)
 ParOldGen       total 199680K, used 22296K [0x00000006c2400000, 0x00000006ce700000, 0x000000076b700000)
  object space 199680K, 11% used [0x00000006c2400000,0x00000006c39c61d0,0x00000006ce700000)
 Metaspace       used 82920K, capacity 86916K, committed 87316K, reserved 1126400K
  class space    used 10623K, capacity 11232K, committed 11324K, reserved 1048576K
Event: 9.459 GC heap after
Heap after GC invocations=13 (full 3):
 PSYoungGen      total 335872K, used 18943K [0x000000076b700000, 0x0000000781680000, 0x00000007c0000000)
  eden space 316928K, 0% used [0x000000076b700000,0x000000076b700000,0x000000077ec80000)
  from space 18944K, 99% used [0x0000000780280000,0x00000007814ffdf8,0x0000000781500000)
  to   space 21504K, 0% used [0x000000077ec80000,0x000000077ec80000,0x0000000780180000)
 ParOldGen       total 199680K, used 23437K [0x00000006c2400000, 0x00000006ce700000, 0x000000076b700000)
  object space 199680K, 11% used [0x00000006c2400000,0x00000006c3ae35e0,0x00000006ce700000)
 Metaspace       used 82920K, capacity 86916K, committed 87316K, reserved 1126400K
  class space    used 10623K, capacity 11232K, committed 11324K, reserved 1048576K
}

Deoptimization events (10 events):
Event: 9.812 Thread 0x0000000002dcb000 Uncommon trap: reason=unstable_if action=reinterpret pc=0x00000000030da6f4 method=java.util.Properties$LineReader.readLine()I @ 252
Event: 9.812 Thread 0x0000000002dcb000 Uncommon trap: reason=unstable_if action=reinterpret pc=0x00000000031ed3dc method=java.util.Properties$LineReader.readLine()I @ 252
Event: 10.268 Thread 0x0000000002dcb000 Uncommon trap: reason=unstable_if action=reinterpret pc=0x00000000041ad0a0 method=org.springframework.beans.factory.support.AbstractBeanFactory.isTypeMatch(Ljava/lang/String;Lorg/springframework/core/ResolvableType;Z)Z @ 559
Event: 10.317 Thread 0x0000000002dcb000 Uncommon trap: reason=unstable_if action=reinterpret pc=0x00000000042d40f0 method=org.springframework.core.annotation.AnnotationsScanner.processMethodHierarchy(Ljava/lang/Object;[ILjava/lang/Class;Lorg/springframework/core/annotation/AnnotationsProcessor;
Event: 10.564 Thread 0x0000000002dcb000 Uncommon trap: reason=class_check action=maybe_recompile pc=0x00000000043030dc method=org.springframework.core.annotation.AnnotationsScanner.processMethodHierarchy(Ljava/lang/Object;[ILjava/lang/Class;Lorg/springframework/core/annotation/AnnotationsProces
Event: 10.564 Thread 0x0000000002dcb000 Uncommon trap: reason=class_check action=maybe_recompile pc=0x00000000043030dc method=org.springframework.core.annotation.AnnotationsScanner.processMethodHierarchy(Ljava/lang/Object;[ILjava/lang/Class;Lorg/springframework/core/annotation/AnnotationsProces
Event: 10.716 Thread 0x0000000002dcb000 Uncommon trap: reason=class_check action=maybe_recompile pc=0x00000000043030dc method=org.springframework.core.annotation.AnnotationsScanner.processMethodHierarchy(Ljava/lang/Object;[ILjava/lang/Class;Lorg/springframework/core/annotation/AnnotationsProces
Event: 10.716 Thread 0x0000000002dcb000 Uncommon trap: reason=class_check action=maybe_recompile pc=0x00000000043030dc method=org.springframework.core.annotation.AnnotationsScanner.processMethodHierarchy(Ljava/lang/Object;[ILjava/lang/Class;Lorg/springframework/core/annotation/AnnotationsProces
Event: 11.039 Thread 0x0000000002dcb000 Uncommon trap: reason=class_check action=maybe_recompile pc=0x0000000003667434 method=org.springframework.boot.context.properties.source.ConfigurationPropertyName$Elements.charAt(II)C @ 43
Event: 11.039 Thread 0x0000000002dcb000 Uncommon trap: reason=class_check action=maybe_recompile pc=0x0000000003667434 method=org.springframework.boot.context.properties.source.ConfigurationPropertyName$Elements.charAt(II)C @ 43

Internal exceptions (10 events):
Event: 11.026 Thread 0x0000000002dcb000 Exception <a 'java/lang/ClassNotFoundException': org/springframework/boot/autoconfigure/jdbc/DataSourceInitializationConfigurationCustomizer> (0x000000077801a4e0) thrown at [C:\re\workspace\8-2-build-windows-amd64-cygwin\jdk8u131\8869\hotspot\src\share\vm
Event: 11.027 Thread 0x0000000002dcb000 Exception <a 'java/lang/ClassNotFoundException': java/lang/ObjectCustomizer> (0x000000077802edc8) thrown at [C:\re\workspace\8-2-build-windows-amd64-cygwin\jdk8u131\8869\hotspot\src\share\vm\classfile\systemDictionary.cpp, line 210]
Event: 11.027 Thread 0x0000000002dcb000 Exception <a 'java/lang/ClassNotFoundException': org/springframework/boot/autoconfigure/jdbc/DataSourceAutoConfigurationCustomizer> (0x000000077806bd68) thrown at [C:\re\workspace\8-2-build-windows-amd64-cygwin\jdk8u131\8869\hotspot\src\share\vm\classfile
Event: 11.033 Thread 0x0000000002dcb000 Exception <a 'java/lang/ClassNotFoundException': java/lang/ObjectCustomizer> (0x00000007780d9288) thrown at [C:\re\workspace\8-2-build-windows-amd64-cygwin\jdk8u131\8869\hotspot\src\share\vm\classfile\systemDictionary.cpp, line 210]
Event: 11.033 Thread 0x0000000002dcb000 Exception <a 'java/lang/ClassNotFoundException': org/springframework/boot/autoconfigure/transaction/TransactionAutoConfigurationCustomizer> (0x000000077811b248) thrown at [C:\re\workspace\8-2-build-windows-amd64-cygwin\jdk8u131\8869\hotspot\src\share\vm\c
Event: 11.037 Thread 0x0000000002dcb000 Exception <a 'java/lang/ClassNotFoundException': java/lang/ObjectCustomizer> (0x00000007781557a8) thrown at [C:\re\workspace\8-2-build-windows-amd64-cygwin\jdk8u131\8869\hotspot\src\share\vm\classfile\systemDictionary.cpp, line 210]
Event: 11.037 Thread 0x0000000002dcb000 Exception <a 'java/lang/ClassNotFoundException': org/springframework/boot/autoconfigure/transaction/TransactionPropertiesCustomizer> (0x0000000778193238) thrown at [C:\re\workspace\8-2-build-windows-amd64-cygwin\jdk8u131\8869\hotspot\src\share\vm\classfil
Event: 11.038 Thread 0x0000000002dcb000 Exception <a 'java/lang/ClassNotFoundException': org/springframework/boot/autoconfigure/transaction/PlatformTransactionManagerCustomizerCustomizer> (0x00000007781deee8) thrown at [C:\re\workspace\8-2-build-windows-amd64-cygwin\jdk8u131\8869\hotspot\src\sh
Event: 11.041 Thread 0x0000000002dcb000 Exception <a 'java/lang/ClassNotFoundException': java/lang/ObjectCustomizer> (0x000000077821a0f8) thrown at [C:\re\workspace\8-2-build-windows-amd64-cygwin\jdk8u131\8869\hotspot\src\share\vm\classfile\systemDictionary.cpp, line 210]
Event: 11.042 Thread 0x0000000002dcb000 Exception <a 'java/lang/ClassNotFoundException': org/springframework/boot/autoconfigure/transaction/TransactionManagerCustomizersCustomizer> (0x000000077825b6d0) thrown at [C:\re\workspace\8-2-build-windows-amd64-cygwin\jdk8u131\8869\hotspot\src\share\vm\

Events (10 events):
Event: 11.045 Thread 0x0000000002dcb000 DEOPT PACKING pc=0x000000000408ce1c sp=0x0000000002cbb810
Event: 11.045 Thread 0x0000000002dcb000 DEOPT UNPACKING pc=0x000000000300787f sp=0x0000000002cbb4e0 mode 1
Event: 11.046 loading class org/springframework/jdbc/datasource/JdbcTransactionObjectSupport
Event: 11.046 loading class org/springframework/jdbc/datasource/JdbcTransactionObjectSupport done
Event: 11.046 Thread 0x0000000002dcb000 DEOPT PACKING pc=0x000000000408ce1c sp=0x0000000002cb9470
Event: 11.046 Thread 0x0000000002dcb000 DEOPT UNPACKING pc=0x000000000300787f sp=0x0000000002cb9140 mode 1
Event: 11.046 loading class org/springframework/transaction/support/SmartTransactionObject
Event: 11.046 loading class org/springframework/transaction/support/SmartTransactionObject done
Event: 11.046 Thread 0x0000000002dcb000 DEOPT PACKING pc=0x000000000408ce1c sp=0x0000000002cb7050
Event: 11.046 Thread 0x0000000002dcb000 DEOPT UNPACKING pc=0x000000000300787f sp=0x0000000002cb6d20 mode 1


Dynamic libraries:
0x00007ff63de00000 - 0x00007ff63de37000 	C:\Program Files\Java\jdk1.8.0_131\bin\java.exe
0x00007ffad4db0000 - 0x00007ffad4fa6000 	C:\WINDOWS\SYSTEM32\ntdll.dll
0x00007ffad3c90000 - 0x00007ffad3d4d000 	C:\WINDOWS\System32\KERNEL32.dll
0x00007ffad1e50000 - 0x00007ffad1f6b000 	C:\Windows\system32\hmpalert.dll
0x00007ffad24f0000 - 0x00007ffad27b9000 	C:\WINDOWS\System32\KERNELBASE.dll
0x00007ffad3aa0000 - 0x00007ffad3b4c000 	C:\WINDOWS\System32\ADVAPI32.dll
0x00007ffad2e20000 - 0x00007ffad2ebe000 	C:\WINDOWS\System32\msvcrt.dll
0x00007ffad3d50000 - 0x00007ffad3dec000 	C:\WINDOWS\System32\sechost.dll
0x00007ffad4270000 - 0x00007ffad439b000 	C:\WINDOWS\System32\RPCRT4.dll
0x00007ffad4b10000 - 0x00007ffad4cb0000 	C:\WINDOWS\System32\USER32.dll
0x00007ffad2de0000 - 0x00007ffad2e02000 	C:\WINDOWS\System32\win32u.dll
0x00007ffad3a60000 - 0x00007ffad3a8a000 	C:\WINDOWS\System32\GDI32.dll
0x00007ffad2af0000 - 0x00007ffad2bfb000 	C:\WINDOWS\System32\gdi32full.dll
0x00007ffad29a0000 - 0x00007ffad2a3d000 	C:\WINDOWS\System32\msvcp_win.dll
0x00007ffad2ce0000 - 0x00007ffad2de0000 	C:\WINDOWS\System32\ucrtbase.dll
0x00007ffad1600000 - 0x00007ffad189b000 	C:\WINDOWS\WinSxS\amd64_microsoft.windows.common-controls_6595b64144ccf1df_6.0.19041.746_none_ca02b4b61b8320a4\COMCTL32.dll
0x00007ffad3fa0000 - 0x00007ffad3fd0000 	C:\WINDOWS\System32\IMM32.DLL
0x0000000071770000 - 0x0000000071842000 	C:\Program Files\Java\jdk1.8.0_131\jre\bin\msvcr100.dll
0x000000006f520000 - 0x000000006fdbc000 	C:\Program Files\Java\jdk1.8.0_131\jre\bin\server\jvm.dll
0x00007ffad2e10000 - 0x00007ffad2e18000 	C:\WINDOWS\System32\PSAPI.DLL
0x00007ffac5f40000 - 0x00007ffac5f67000 	C:\WINDOWS\SYSTEM32\WINMM.dll
0x00007ffad21b0000 - 0x00007ffad21b9000 	C:\WINDOWS\SYSTEM32\WSOCK32.dll
0x00007ffacec40000 - 0x00007ffacec4a000 	C:\WINDOWS\SYSTEM32\VERSION.dll
0x00007ffad4aa0000 - 0x00007ffad4b0b000 	C:\WINDOWS\System32\WS2_32.dll
0x0000000072fd0000 - 0x0000000072fdf000 	C:\Program Files\Java\jdk1.8.0_131\jre\bin\verify.dll
0x0000000072bb0000 - 0x0000000072bd9000 	C:\Program Files\Java\jdk1.8.0_131\jre\bin\java.dll
0x0000000071700000 - 0x0000000071735000 	C:\Program Files\Java\jdk1.8.0_131\jre\bin\jdwp.dll
0x00000000716f0000 - 0x00000000716f8000 	C:\Program Files\Java\jdk1.8.0_131\jre\bin\npt.dll
0x00000000716c0000 - 0x00000000716e3000 	C:\Program Files\Java\jdk1.8.0_131\jre\bin\instrument.dll
0x0000000071750000 - 0x0000000071766000 	C:\Program Files\Java\jdk1.8.0_131\jre\bin\zip.dll
0x00007ffad3310000 - 0x00007ffad3a53000 	C:\WINDOWS\System32\SHELL32.dll
0x00007ffacfad0000 - 0x00007ffad025f000 	C:\WINDOWS\SYSTEM32\windows.storage.dll
0x00007ffad2f20000 - 0x00007ffad3276000 	C:\WINDOWS\System32\combase.dll
0x00007ffad1930000 - 0x00007ffad195c000 	C:\WINDOWS\SYSTEM32\Wldp.dll
0x00007ffad4110000 - 0x00007ffad41be000 	C:\WINDOWS\System32\SHCORE.dll
0x00007ffad3fd0000 - 0x00007ffad4025000 	C:\WINDOWS\System32\shlwapi.dll
0x00007ffad2420000 - 0x00007ffad2446000 	C:\WINDOWS\SYSTEM32\profapi.dll
0x0000000071690000 - 0x0000000071699000 	C:\Program Files\Java\jdk1.8.0_131\jre\bin\dt_socket.dll
0x00007ffad1480000 - 0x00007ffad14ea000 	C:\WINDOWS\system32\mswsock.dll
0x0000000071640000 - 0x0000000071664000 	C:\Program Files\Java\jdk1.8.0_131\jre\bin\sunec.dll
0x00000000716a0000 - 0x00000000716ba000 	C:\Program Files\Java\jdk1.8.0_131\jre\bin\net.dll
0x00007ffad1170000 - 0x00007ffad11ab000 	C:\WINDOWS\SYSTEM32\IPHLPAPI.DLL
0x00007ffad3c80000 - 0x00007ffad3c88000 	C:\WINDOWS\System32\NSI.dll
0x00007ffacb9b0000 - 0x00007ffacb9c7000 	C:\WINDOWS\SYSTEM32\dhcpcsvc6.DLL
0x00007ffacb990000 - 0x00007ffacb9ad000 	C:\WINDOWS\SYSTEM32\dhcpcsvc.DLL
0x00007ffad11c0000 - 0x00007ffad128b000 	C:\WINDOWS\SYSTEM32\DNSAPI.dll
0x0000000071670000 - 0x0000000071681000 	C:\Program Files\Java\jdk1.8.0_131\jre\bin\nio.dll
0x00007ffad2270000 - 0x00007ffad2288000 	C:\WINDOWS\SYSTEM32\CRYPTSP.dll
0x00007ffad0e40000 - 0x00007ffad0e74000 	C:\WINDOWS\system32\rsaenh.dll
0x00007ffad2c50000 - 0x00007ffad2c77000 	C:\WINDOWS\System32\bcrypt.dll
0x00007ffad23e0000 - 0x00007ffad240e000 	C:\WINDOWS\SYSTEM32\USERENV.dll
0x00007ffad27c0000 - 0x00007ffad2840000 	C:\WINDOWS\System32\bcryptprimitives.dll
0x00007ffad18a0000 - 0x00007ffad18ac000 	C:\WINDOWS\SYSTEM32\CRYPTBASE.dll
0x00007ffaccbc0000 - 0x00007ffaccbca000 	C:\Windows\System32\rasadhlp.dll
0x00007ffacbcb0000 - 0x00007ffacbd2f000 	C:\WINDOWS\System32\fwpuclnt.dll
0x0000000071630000 - 0x000000007163b000 	C:\Program Files\Java\jdk1.8.0_131\jre\bin\sunmscapi.dll
0x00007ffad2840000 - 0x00007ffad2996000 	C:\WINDOWS\System32\CRYPT32.dll
0x0000000071740000 - 0x000000007174d000 	C:\Program Files\Java\jdk1.8.0_131\jre\bin\management.dll
0x00007ffaca920000 - 0x00007ffaca937000 	C:\WINDOWS\system32\napinsp.dll
0x00007ffaca900000 - 0x00007ffaca91b000 	C:\WINDOWS\system32\pnrpnsp.dll
0x00007ffac9790000 - 0x00007ffac97a5000 	C:\WINDOWS\system32\wshbth.dll
0x00007ffacd200000 - 0x00007ffacd21d000 	C:\WINDOWS\system32\NLAapi.dll
0x00007ffac9770000 - 0x00007ffac9782000 	C:\WINDOWS\System32\winrnr.dll
0x00007ffad1f70000 - 0x00007ffad2154000 	C:\WINDOWS\SYSTEM32\dbghelp.dll

VM Arguments:
jvm_args: -agentlib:jdwp=transport=dt_socket,address=127.0.0.1:55257,suspend=y,server=n -ea -Didea.test.cyclic.buffer.size=1048576 -javaagent:C:\Users\abargavakumar\.IntelliJIdea2019.1\system\captureAgent\debugger-agent.jar -Dfile.encoding=UTF-8 
java_command: com.intellij.rt.execution.junit.JUnitStarter -ideVersion5 -junit5 com.prokarma.poc.consumer.ConsumerApplicationTest,testConsumerToStoreCustomerDetailsEntity
java_class_path (initial): C:\Program Files\JetBrains\IntelliJ IDEA 2018.3.6\lib\idea_rt.jar;C:\Program Files\JetBrains\IntelliJ IDEA 2018.3.6\plugins\junit\lib\junit-rt.jar;C:\Program Files\JetBrains\IntelliJ IDEA 2018.3.6\plugins\junit\lib\junit5-rt.jar;C:\Users\abargavakumar\.m2\repository\org\junit\platform\junit-platform-launcher\1.7.0\junit-platform-launcher-1.7.0.jar;C:\Users\abargavakumar\.m2\repository\org\apiguardian\apiguardian-api\1.1.0\apiguardian-api-1.1.0.jar;C:\Users\abargavakumar\.m2\repository\org\junit\platform\junit-platform-engine\1.7.0\junit-platform-engine-1.7.0.jar;C:\Users\abargavakumar\.m2\repository\org\opentest4j\opentest4j\1.2.0\opentest4j-1.2.0.jar;C:\Users\abargavakumar\.m2\repository\org\junit\platform\junit-platform-commons\1.7.0\junit-platform-commons-1.7.0.jar;C:\Users\abargavakumar\.m2\repository\org\junit\vintage\junit-vintage-engine\5.7.0\junit-vintage-engine-5.7.0.jar;C:\Users\abargavakumar\.m2\repository\junit\junit\4.13\junit-4.13.jar;C:\Users\abargavakumar\.m2\repository\org\hamcrest\hamcrest-core\1.3\hamcrest-core-1.3.jar;C:\Program Files\Java\jdk1.8.0_131\jre\lib\charsets.jar;C:\Program Files\Java\jdk1.8.0_131\jre\lib\deploy.jar;C:\Program Files\Java\jdk1.8.0_131\jre\lib\ext\access-bridge-64.jar;C:\Program Files\Java\jdk1.8.0_131\jre\lib\ext\cldrdata.jar;C:\Program Files\Java\jdk1.8.0_131\jre\lib\ext\dnsns.jar;C:\Program Files\Java\jdk1.8.0_131\jre\lib\ext\jaccess.jar;C:\Program Files\Java\jdk1.8.0_131\jre\lib\ext\jfxrt.jar;C:\Program Files\Java\jdk1.8.0_131\jre\lib\ext\localedata.jar;C:\Program Files\Java\jdk1.8.0_131\jre\lib\ext\nashorn.jar;C:\Program Files\Java\jdk1.8.0_131\jre\lib\ext\sunec.jar;C:\Program Files\Java\jdk1.8.0_131\jre\lib\ext\sunjce_provider.jar;C:\Program Files\Java\jdk1.8.0_131\jre\lib\ext\sunmscapi.jar;C:\Program Files\Java\jdk1.8.0_131\jre\lib\ext\sunpkcs11.jar;C:\Program Files\Java\jdk1.8.0_131\jre\lib\ext\zipfs.jar;C:\Program Files\Java\jdk1.8.0_131\jre\lib\javaws.jar;C:\Program Files\Java\jdk1.8
Launcher Type: SUN_STANDARD

Environment Variables:
JAVA_HOME=C:\Program Files\Java\jdk1.8.0_131
PATH=C:\ProgramData\Oracle\Java\javapath;C:\Program Files (x86)\Intel\Intel(R) Management Engine Components\iCLS\;C:\Program Files\Intel\Intel(R) Management Engine Components\iCLS\;C:\WINDOWS\system32;C:\WINDOWS;C:\WINDOWS\System32\Wbem;C:\WINDOWS\System32\WindowsPowerShell\v1.0\;C:\WINDOWS\System32\OpenSSH\;C:\Program Files (x86)\Intel\Intel(R) Management Engine Components\DAL;C:\Program Files\Intel\Intel(R) Management Engine Components\DAL;C:\Program Files (x86)\Intel\Intel(R) Management Engine Components\IPT;C:\Program Files\Intel\Intel(R) Management Engine Components\IPT;C:\Program Files (x86)\Symantec\VIP Access Client\;C:\Program Files\Java\jdk1.8.0_131\bin;D:\Softwares\gradle-4.10.2\bin;D:\Softwares\grails-2.4.5\bin;D:\Softwares\apache-maven-3.6.3\bin;D:\Softwares\groovy-2.4.10\bin;C:\Program Files\Git\cmd;C:\Program Files (x86)\Sennheiser\SoftphoneSDK\;D:\Softwares\Jenkins_local\home;C:\Program Files\Microsoft VS Code\bin;C:\Program Files\Cloud Foundry;C:\Program Files\Docker\Docker\resources\bin;C:\ProgramData\DockerDesktop\version-bin;C:\Users\abargavakumar\AppData\Roaming\nvm;C:\Program Files\nodejs;D:\Softwares\curl-7.71.1-win64-mingw\bin;C:\Program Files\nodejs\;C:\Python27\;C:\Users\abargavakumar\AppData\Local\Microsoft\WindowsApps;C:\Users\Administrator\AppData\Roaming\npm;C:\Users\abargavakumar\AppData\Roaming\nvm;C:\Program Files\nodejs;C:\Users\abargavakumar\AppData\Roaming\npm;D:\Softwares\kafka_2.12-2.7.0\bin\windows;C:\Program Files\Heroku\bin
USERNAME=abargavakumar
OS=Windows_NT
PROCESSOR_IDENTIFIER=Intel64 Family 6 Model 142 Stepping 10, GenuineIntel



---------------  S Y S T E M  ---------------

OS: Windows 10.0 , 64 bit Build 19041 (10.0.19041.662)

CPU:total 8 (initial active 8) (4 cores per cpu, 2 threads per core) family 6 model 142 stepping 10, cmov, cx8, fxsr, mmx, sse, sse2, sse3, ssse3, sse4.1, sse4.2, popcnt, avx, avx2, aes, clmul, erms, 3dnowpref, lzcnt, ht, tsc, tscinvbit, bmi1, bmi2, adx

Memory: 4k page, physical 16627908k(4932676k free), swap 26172764k(9106172k free)

vm_info: Java HotSpot(TM) 64-Bit Server VM (25.131-b11) for windows-amd64 JRE (1.8.0_131-b11), built on Mar 15 2017 01:23:53 by "java_re" with MS VC++ 10.0 (VS2010)

time: Thu Jan 21 17:18:57 2021
elapsed time: 11 seconds (0d 0h 0m 11s)

