#
# A fatal error has been detected by the Java Runtime Environment:
#
#  EXCEPTION_ACCESS_VIOLATION (0xc0000005) at pc=0x00000000539cf11f, pid=15996, tid=0x0000000000005260
#
# JRE version: Java(TM) SE Runtime Environment (8.0_131-b11) (build 1.8.0_131-b11)
# Java VM: Java HotSpot(TM) 64-Bit Server VM (25.131-b11 mixed mode windows-amd64 compressed oops)
# Problematic frame:
# V  [jvm.dll+0x3ff11f]
#
# Failed to write core dump. Minidumps are not enabled by default on client versions of Windows
#
# If you would like to submit a bug report, please visit:
#   http://bugreport.java.com/bugreport/crash.jsp
#

---------------  T H R E A D  ---------------

Current thread (0x0000000002ad0000):  GCTaskThread [stack: 0x0000000013030000,0x0000000013130000] [id=21088]

siginfo: ExceptionCode=0xc0000005, reading address 0x00000005c00117b0

Registers:
RAX=0x00000006c2bd4db0, RBX=0x000000001312f7b8, RCX=0x0000000000000003, RDX=0x00000000b2a43cc8
RSP=0x000000001312f710, RBP=0x0000000016650000, RSI=0x0000000016643151, RDI=0x0000000000000003
R8 =0x00000006c2bd4db0, R9 =0x00000005c00117a8, R10=0x0000000000599400, R11=0x00000006c2bd4db0
R12=0x0000000053dec720, R13=0x0000000000001664, R14=0x0000000775680000, R15=0x000000001312f7b8
RIP=0x00000000539cf11f, EFLAGS=0x0000000000010202

Top of Stack: (sp=0x000000001312f710)
0x000000001312f710:   000000001312f7b8 0000000016650000
0x000000001312f720:   000000001664314e 0000000053708fd8
0x000000001312f730:   0000000016650000 00000000539c49dd
0x000000001312f740:   000000001664314f 00000000539d016e
0x000000001312f750:   0000000000000003 00000000539cf139
0x000000001312f760:   0000000775be21f0 0000000775680000
0x000000001312f770:   0000000000001664 0000000000000002
0x000000001312f780:   00000006c2400000 00000000539d0434
0x000000001312f790:   0000000000000000 000000001312f7f8
0x000000001312f7a0:   0000000016640001 000000001312f7f8
0x000000001312f7b0:   0000000002cb0000 0000000053c24788
0x000000001312f7c0:   0000000053dec720 000000001c6050f0
0x000000001312f7d0:   000000000000564a 0000000775618a78
0x000000001312f7e0:   0000000002ac8390 00000006c2bd4db0
0x000000001312f7f0:   0000000000000000 0000000002ad1770
0x000000001312f800:   0000000002ad1760 0000000000000000 

Instructions: (pc=0x00000000539cf11f)
0x00000000539cf0ff:   4c 8b 43 30 74 16 45 8b 48 08 8b 0d 99 16 3a 00
0x00000000539cf10f:   49 d3 e1 4c 03 0d 87 16 3a 00 eb 04 4d 8b 48 08
0x00000000539cf11f:   41 81 79 08 00 00 00 c0 73 10 49 8b 01 48 8b 53
0x00000000539cf12f:   10 49 8b c9 ff 90 28 01 00 00 48 29 7b 18 48 8d 


Register to memory mapping:

RAX=
[error occurred during error reporting (printing register info), id 0xc0000005]

Stack: [0x0000000013030000,0x0000000013130000],  sp=0x000000001312f710,  free space=1021k
Native frames: (J=compiled Java code, j=interpreted, Vv=VM code, C=native code)
V  [jvm.dll+0x3ff11f]
V  [jvm.dll+0x3f49dd]
V  [jvm.dll+0x400434]
V  [jvm.dll+0x3f7f3a]
V  [jvm.dll+0x3f59a6]
V  [jvm.dll+0x3f302e]
V  [jvm.dll+0x29cc1a]
C  [msvcr100.dll+0x21d9f]
C  [msvcr100.dll+0x21e3b]
C  [KERNEL32.dll+0x17034]
C  [ntdll.dll+0x4d0d1]


---------------  P R O C E S S  ---------------

Java Threads: ( => current thread )
  0x0000000021477000 JavaThread "HikariPool-1 housekeeper" daemon [_thread_blocked, id=16892, stack(0x0000000022a10000,0x0000000022b10000)]
  0x00000000213dc800 JavaThread "RMI TCP Connection(3)-172.25.48.1" daemon [_thread_blocked, id=19972, stack(0x0000000022910000,0x0000000022a10000)]
  0x000000001f8be000 JavaThread "RMI Scheduler(0)" daemon [_thread_blocked, id=2460, stack(0x0000000021b10000,0x0000000021c10000)]
  0x000000001f89b000 JavaThread "RMI TCP Connection(2)-172.25.48.1" daemon [_thread_in_native, id=20216, stack(0x0000000020a40000,0x0000000020b40000)]
  0x000000001f4d7000 JavaThread "RMI TCP Accept-0" daemon [_thread_in_native, id=5548, stack(0x0000000020100000,0x0000000020200000)]
  0x000000001f262800 JavaThread "Service Thread" daemon [_thread_blocked, id=7880, stack(0x000000001fcc0000,0x000000001fdc0000)]
  0x000000001f1bc800 JavaThread "C1 CompilerThread3" daemon [_thread_blocked, id=20516, stack(0x000000001fbc0000,0x000000001fcc0000)]
  0x000000001f1bc000 JavaThread "C2 CompilerThread2" daemon [_thread_blocked, id=20512, stack(0x000000001fac0000,0x000000001fbc0000)]
  0x000000001f1b9000 JavaThread "C2 CompilerThread1" daemon [_thread_blocked, id=4828, stack(0x000000001f9c0000,0x000000001fac0000)]
  0x000000001f1b8800 JavaThread "C2 CompilerThread0" daemon [_thread_blocked, id=15412, stack(0x000000001f8c0000,0x000000001f9c0000)]
  0x000000001e60b000 JavaThread "JDWP Command Reader" daemon [_thread_in_native, id=15492, stack(0x000000001efc0000,0x000000001f0c0000)]
  0x000000001e60a000 JavaThread "JDWP Event Helper Thread" daemon [_thread_blocked, id=15428, stack(0x000000001eec0000,0x000000001efc0000)]
  0x000000001e607000 JavaThread "JDWP Transport Listener: dt_socket" daemon [_thread_blocked, id=15420, stack(0x000000001edc0000,0x000000001eec0000)]
  0x000000001e5f4000 JavaThread "Attach Listener" daemon [_thread_blocked, id=15432, stack(0x000000001ecc0000,0x000000001edc0000)]
  0x000000001e5f3000 JavaThread "Signal Dispatcher" daemon [_thread_blocked, id=15436, stack(0x000000001ebc0000,0x000000001ecc0000)]
  0x000000001e5e0800 JavaThread "Finalizer" daemon [_thread_blocked, id=15448, stack(0x000000001e9c0000,0x000000001eac0000)]
  0x000000001c6ed000 JavaThread "Reference Handler" daemon [_thread_blocked, id=15456, stack(0x000000001e4c0000,0x000000001e5c0000)]
  0x0000000002ab1800 JavaThread "main" [_thread_blocked, id=21380, stack(0x00000000029a0000,0x0000000002aa0000)]

Other Threads:
  0x0000000002bae800 VMThread [stack: 0x000000001e3c0000,0x000000001e4c0000] [id=15484]
  0x000000001f4ea800 WatcherThread [stack: 0x0000000020200000,0x0000000020300000] [id=14084]

=>0x0000000002ad0000 (exited) GCTaskThread [stack: 0x0000000013030000,0x0000000013130000] [id=21088]

VM state:at safepoint (normal execution)

VM Mutex/Monitor currently owned by a thread:  ([mutex/lock_event])
[0x0000000002ab04d0] Threads_lock - owner thread: 0x0000000002bae800
[0x0000000002ab7260] Heap_lock - owner thread: 0x0000000002ab1800

Heap:
 PSYoungGen      total 160256K, used 9096K [0x000000076b700000, 0x0000000776b80000, 0x00000007c0000000)
  eden space 146944K, 0% used [0x000000076b700000,0x000000076b700000,0x0000000774680000)
  from space 13312K, 68% used [0x0000000775300000,0x0000000775be21f0,0x0000000776000000)
  to   space 12800K, 0% used [0x0000000774680000,0x0000000774680000,0x0000000775300000)
 ParOldGen       total 106496K, used 9148K [0x00000006c2400000, 0x00000006c8c00000, 0x000000076b700000)
  object space 106496K, 8% used [0x00000006c2400000,0x00000006c2cef2d0,0x00000006c8c00000)
 Metaspace       used 33431K, capacity 35368K, committed 35456K, reserved 1079296K
  class space    used 4333K, capacity 4710K, committed 4736K, reserved 1048576K

Card table byte_map: [0x00000000120f0000,0x00000000128e0000] byte_map_base: 0x000000000eade000

Marking Bits: (ParMarkBitMap*) 0x0000000053dec720
 Begin Bits: [0x0000000013630000, 0x00000000175a0000)
 End Bits:   [0x00000000175a0000, 0x000000001b510000)

Polling page: 0x0000000000bf0000

CodeCache: size=245760Kb used=6267Kb max_used=6267Kb free=239492Kb
 bounds [0x0000000002d30000, 0x0000000003350000, 0x0000000011d30000]
 total_blobs=3338 nmethods=2889 adapters=369
 compilation: enabled

Compilation events (10 events):
Event: 3.335 Thread 0x000000001f1bc800 2885       1       java.util.GregorianCalendar::getWeekNumber (89 bytes)
Event: 3.335 Thread 0x000000001f1bc800 nmethod 2885 0x00000000033494d0 code [0x0000000003349640, 0x00000000033499d0]
Event: 3.335 Thread 0x000000001f1bc800 2886       1       java.util.Calendar::setFieldsComputed (117 bytes)
Event: 3.335 Thread 0x000000001f1bc800 nmethod 2886 0x0000000003349c50 code [0x0000000003349dc0, 0x000000000334a050]
Event: 3.339 Thread 0x000000001f1bc800 2887   !   1       org.apache.tomcat.util.buf.UDecoder::URLDecode (260 bytes)
Event: 3.341 Thread 0x000000001f1bc800 nmethod 2887 0x000000000334a350 code [0x000000000334a700, 0x000000000334c518]
Event: 3.342 Thread 0x000000001f1bc800 2888       1       java.util.ArrayList::<init> (67 bytes)
Event: 3.342 Thread 0x000000001f1bc800 nmethod 2888 0x000000000334e610 code [0x000000000334e780, 0x000000000334e9b8]
Event: 3.342 Thread 0x000000001f1bc800 2889       1       java.util.jar.JarEntry::<init> (6 bytes)
Event: 3.342 Thread 0x000000001f1bc800 nmethod 2889 0x000000000334ead0 code [0x000000000334ec20, 0x000000000334ed68]

GC Heap History (10 events):
Event: 1.969 GC heap after
Heap after GC invocations=3 (full 1):
 PSYoungGen      total 75776K, used 0K [0x000000076b700000, 0x0000000774b00000, 0x00000007c0000000)
  eden space 65024K, 0% used [0x000000076b700000,0x000000076b700000,0x000000076f680000)
  from space 10752K, 0% used [0x0000000770100000,0x0000000770100000,0x0000000770b80000)
  to   space 10752K, 0% used [0x000000076f680000,0x000000076f680000,0x0000000770100000)
 ParOldGen       total 106496K, used 9116K [0x00000006c2400000, 0x00000006c8c00000, 0x000000076b700000)
  object space 106496K, 8% used [0x00000006c2400000,0x00000006c2ce72d0,0x00000006c8c00000)
 Metaspace       used 20397K, capacity 21122K, committed 21296K, reserved 1067008K
  class space    used 2640K, capacity 2821K, committed 2944K, reserved 1048576K
}
Event: 2.186 GC heap before
{Heap before GC invocations=4 (full 1):
 PSYoungGen      total 75776K, used 65024K [0x000000076b700000, 0x0000000774b00000, 0x00000007c0000000)
  eden space 65024K, 100% used [0x000000076b700000,0x000000076f680000,0x000000076f680000)
  from space 10752K, 0% used [0x0000000770100000,0x0000000770100000,0x0000000770b80000)
  to   space 10752K, 0% used [0x000000076f680000,0x000000076f680000,0x0000000770100000)
 ParOldGen       total 106496K, used 9116K [0x00000006c2400000, 0x00000006c8c00000, 0x000000076b700000)
  object space 106496K, 8% used [0x00000006c2400000,0x00000006c2ce72d0,0x00000006c8c00000)
 Metaspace       used 21941K, capacity 22922K, committed 23168K, reserved 1069056K
  class space    used 2873K, capacity 3097K, committed 3200K, reserved 1048576K
Event: 2.189 GC heap after
Heap after GC invocations=4 (full 1):
 PSYoungGen      total 75776K, used 3526K [0x000000076b700000, 0x0000000772a80000, 0x00000007c0000000)
  eden space 65024K, 0% used [0x000000076b700000,0x000000076b700000,0x000000076f680000)
  from space 10752K, 32% used [0x000000076f680000,0x000000076f9f1828,0x0000000770100000)
  to   space 10752K, 0% used [0x0000000772000000,0x0000000772000000,0x0000000772a80000)
 ParOldGen       total 106496K, used 9124K [0x00000006c2400000, 0x00000006c8c00000, 0x000000076b700000)
  object space 106496K, 8% used [0x00000006c2400000,0x00000006c2ce92d0,0x00000006c8c00000)
 Metaspace       used 21941K, capacity 22922K, committed 23168K, reserved 1069056K
  class space    used 2873K, capacity 3097K, committed 3200K, reserved 1048576K
}
Event: 2.699 GC heap before
{Heap before GC invocations=5 (full 1):
 PSYoungGen      total 75776K, used 68550K [0x000000076b700000, 0x0000000772a80000, 0x00000007c0000000)
  eden space 65024K, 100% used [0x000000076b700000,0x000000076f680000,0x000000076f680000)
  from space 10752K, 32% used [0x000000076f680000,0x000000076f9f1828,0x0000000770100000)
  to   space 10752K, 0% used [0x0000000772000000,0x0000000772000000,0x0000000772a80000)
 ParOldGen       total 106496K, used 9124K [0x00000006c2400000, 0x00000006c8c00000, 0x000000076b700000)
  object space 106496K, 8% used [0x00000006c2400000,0x00000006c2ce92d0,0x00000006c8c00000)
 Metaspace       used 25934K, capacity 27314K, committed 27392K, reserved 1073152K
  class space    used 3474K, capacity 3793K, committed 3840K, reserved 1048576K
Event: 2.707 GC heap after
Heap after GC invocations=5 (full 1):
 PSYoungGen      total 107520K, used 8611K [0x000000076b700000, 0x0000000772b80000, 0x00000007c0000000)
  eden space 96768K, 0% used [0x000000076b700000,0x000000076b700000,0x0000000771580000)
  from space 10752K, 80% used [0x0000000772000000,0x0000000772868e08,0x0000000772a80000)
  to   space 10752K, 0% used [0x0000000771580000,0x0000000771580000,0x0000000772000000)
 ParOldGen       total 106496K, used 9132K [0x00000006c2400000, 0x00000006c8c00000, 0x000000076b700000)
  object space 106496K, 8% used [0x00000006c2400000,0x00000006c2ceb2d0,0x00000006c8c00000)
 Metaspace       used 25934K, capacity 27314K, committed 27392K, reserved 1073152K
  class space    used 3474K, capacity 3793K, committed 3840K, reserved 1048576K
}
Event: 3.221 GC heap before
{Heap before GC invocations=6 (full 1):
 PSYoungGen      total 107520K, used 105379K [0x000000076b700000, 0x0000000772b80000, 0x00000007c0000000)
  eden space 96768K, 100% used [0x000000076b700000,0x0000000771580000,0x0000000771580000)
  from space 10752K, 80% used [0x0000000772000000,0x0000000772868e08,0x0000000772a80000)
  to   space 10752K, 0% used [0x0000000771580000,0x0000000771580000,0x0000000772000000)
 ParOldGen       total 106496K, used 9132K [0x00000006c2400000, 0x00000006c8c00000, 0x000000076b700000)
  object space 106496K, 8% used [0x00000006c2400000,0x00000006c2ceb2d0,0x00000006c8c00000)
 Metaspace       used 31007K, capacity 33016K, committed 33152K, reserved 1077248K
  class space    used 4109K, capacity 4480K, committed 4480K, reserved 1048576K
Event: 3.229 GC heap after
Heap after GC invocations=6 (full 1):
 PSYoungGen      total 107520K, used 10650K [0x000000076b700000, 0x0000000776000000, 0x00000007c0000000)
  eden space 96768K, 0% used [0x000000076b700000,0x000000076b700000,0x0000000771580000)
  from space 10752K, 99% used [0x0000000771580000,0x0000000771fe6828,0x0000000772000000)
  to   space 13312K, 0% used [0x0000000775300000,0x0000000775300000,0x0000000776000000)
 ParOldGen       total 106496K, used 9140K [0x00000006c2400000, 0x00000006c8c00000, 0x000000076b700000)
  object space 106496K, 8% used [0x00000006c2400000,0x00000006c2ced2d0,0x00000006c8c00000)
 Metaspace       used 31007K, capacity 33016K, committed 33152K, reserved 1077248K
  class space    used 4109K, capacity 4480K, committed 4480K, reserved 1048576K
}
Event: 3.346 GC heap before
{Heap before GC invocations=7 (full 1):
 PSYoungGen      total 107520K, used 29393K [0x000000076b700000, 0x0000000776000000, 0x00000007c0000000)
  eden space 96768K, 19% used [0x000000076b700000,0x000000076c94dd18,0x0000000771580000)
  from space 10752K, 99% used [0x0000000771580000,0x0000000771fe6828,0x0000000772000000)
  to   space 13312K, 0% used [0x0000000775300000,0x0000000775300000,0x0000000776000000)
 ParOldGen       total 106496K, used 9140K [0x00000006c2400000, 0x00000006c8c00000, 0x000000076b700000)
  object space 106496K, 8% used [0x00000006c2400000,0x00000006c2ced2d0,0x00000006c8c00000)
 Metaspace       used 33431K, capacity 35368K, committed 35456K, reserved 1079296K
  class space    used 4333K, capacity 4710K, committed 4736K, reserved 1048576K
Event: 3.353 GC heap after
Heap after GC invocations=7 (full 1):
 PSYoungGen      total 160256K, used 9096K [0x000000076b700000, 0x0000000776b80000, 0x00000007c0000000)
  eden space 146944K, 0% used [0x000000076b700000,0x000000076b700000,0x0000000774680000)
  from space 13312K, 68% used [0x0000000775300000,0x0000000775be21f0,0x0000000776000000)
  to   space 12800K, 0% used [0x0000000774680000,0x0000000774680000,0x0000000775300000)
 ParOldGen       total 106496K, used 9148K [0x00000006c2400000, 0x00000006c8c00000, 0x000000076b700000)
  object space 106496K, 8% used [0x00000006c2400000,0x00000006c2cef2d0,0x00000006c8c00000)
 Metaspace       used 33431K, capacity 35368K, committed 35456K, reserved 1079296K
  class space    used 4333K, capacity 4710K, committed 4736K, reserved 1048576K
}
Event: 3.353 GC heap before
{Heap before GC invocations=8 (full 2):
 PSYoungGen      total 160256K, used 9096K [0x000000076b700000, 0x0000000776b80000, 0x00000007c0000000)
  eden space 146944K, 0% used [0x000000076b700000,0x000000076b700000,0x0000000774680000)
  from space 13312K, 68% used [0x0000000775300000,0x0000000775be21f0,0x0000000776000000)
  to   space 12800K, 0% used [0x0000000774680000,0x0000000774680000,0x0000000775300000)
 ParOldGen       total 106496K, used 9148K [0x00000006c2400000, 0x00000006c8c00000, 0x000000076b700000)
  object space 106496K, 8% used [0x00000006c2400000,0x00000006c2cef2d0,0x00000006c8c00000)
 Metaspace       used 33431K, capacity 35368K, committed 35456K, reserved 1079296K
  class space    used 4333K, capacity 4710K, committed 4736K, reserved 1048576K

Deoptimization events (0 events):
No events

Internal exceptions (10 events):
Event: 2.963 Thread 0x0000000002ab1800 Exception <a 'java/lang/ArrayIndexOutOfBoundsException'> (0x000000076d423018) thrown at [C:\re\workspace\8-2-build-windows-amd64-cygwin\jdk8u131\8869\hotspot\src\share\vm\runtime\sharedRuntime.cpp, line 605]
Event: 2.963 Thread 0x0000000002ab1800 Exception <a 'java/lang/ArrayIndexOutOfBoundsException'> (0x000000076d424360) thrown at [C:\re\workspace\8-2-build-windows-amd64-cygwin\jdk8u131\8869\hotspot\src\share\vm\runtime\sharedRuntime.cpp, line 605]
Event: 2.965 Thread 0x0000000002ab1800 Exception <a 'java/lang/ArrayIndexOutOfBoundsException'> (0x000000076d453e08) thrown at [C:\re\workspace\8-2-build-windows-amd64-cygwin\jdk8u131\8869\hotspot\src\share\vm\runtime\sharedRuntime.cpp, line 605]
Event: 3.138 Thread 0x0000000002ab1800 Exception <a 'java/io/FileNotFoundException'> (0x0000000770bff9a0) thrown at [C:\re\workspace\8-2-build-windows-amd64-cygwin\jdk8u131\8869\hotspot\src\share\vm\prims\jni.cpp, line 709]
Event: 3.172 Thread 0x0000000002ab1800 Exception <a 'java/lang/ArrayIndexOutOfBoundsException'> (0x0000000770e93b58) thrown at [C:\re\workspace\8-2-build-windows-amd64-cygwin\jdk8u131\8869\hotspot\src\share\vm\runtime\sharedRuntime.cpp, line 605]
Event: 3.173 Thread 0x0000000002ab1800 Exception <a 'java/lang/ArrayIndexOutOfBoundsException'> (0x0000000770ecdc10) thrown at [C:\re\workspace\8-2-build-windows-amd64-cygwin\jdk8u131\8869\hotspot\src\share\vm\runtime\sharedRuntime.cpp, line 605]
Event: 3.173 Thread 0x0000000002ab1800 Exception <a 'java/lang/ArrayIndexOutOfBoundsException'> (0x0000000770ef62e8) thrown at [C:\re\workspace\8-2-build-windows-amd64-cygwin\jdk8u131\8869\hotspot\src\share\vm\runtime\sharedRuntime.cpp, line 605]
Event: 3.182 Thread 0x0000000002ab1800 Exception <a 'java/lang/NoSuchMethodError': java.lang.Object.lambda$static$0(Ljava/lang/Object;)Ljava/lang/Object;> (0x0000000770fde3c0) thrown at [C:\re\workspace\8-2-build-windows-amd64-cygwin\jdk8u131\8869\hotspot\src\share\vm\interpreter\linkResolver.
Event: 3.199 Thread 0x0000000002ab1800 Exception <a 'java/lang/ArrayIndexOutOfBoundsException'> (0x0000000771341238) thrown at [C:\re\workspace\8-2-build-windows-amd64-cygwin\jdk8u131\8869\hotspot\src\share\vm\runtime\sharedRuntime.cpp, line 605]
Event: 3.203 Thread 0x0000000002ab1800 Exception <a 'java/lang/ArrayIndexOutOfBoundsException'> (0x0000000771388df0) thrown at [C:\re\workspace\8-2-build-windows-amd64-cygwin\jdk8u131\8869\hotspot\src\share\vm\runtime\sharedRuntime.cpp, line 605]

Events (10 events):
Event: 3.346 loading class java/util/concurrent/ConcurrentSkipListMap$Node done
Event: 3.346 loading class org/apache/tomcat/websocket/server/WsFilter
Event: 3.346 loading class org/apache/tomcat/websocket/server/WsFilter done
Event: 3.346 Thread 0x0000000002ab1800 DEOPT PACKING pc=0x0000000002f3dd51 sp=0x0000000002a9cde0
Event: 3.346 Thread 0x0000000002ab1800 DEOPT UNPACKING pc=0x0000000002d7787f sp=0x0000000002a9cb30 mode 1
Event: 3.346 Thread 0x0000000002ab1800 DEOPT PACKING pc=0x0000000002f17b04 sp=0x0000000002a9ce60
Event: 3.346 Thread 0x0000000002ab1800 DEOPT UNPACKING pc=0x0000000002d7787f sp=0x0000000002a9cc80 mode 1
Event: 3.346 Thread 0x0000000002ab1800 DEOPT PACKING pc=0x0000000002f17a4c sp=0x0000000002a9cff0
Event: 3.346 Thread 0x0000000002ab1800 DEOPT UNPACKING pc=0x0000000002d7787f sp=0x0000000002a9ce10 mode 1
Event: 3.346 Executing VM operation: CollectForMetadataAllocation


Dynamic libraries:
0x00007ff77c8f0000 - 0x00007ff77c927000 	C:\Program Files\Java\jdk1.8.0_131\bin\java.exe
0x00007ff802670000 - 0x00007ff802866000 	C:\WINDOWS\SYSTEM32\ntdll.dll
0x00007ff8024b0000 - 0x00007ff80256d000 	C:\WINDOWS\System32\KERNEL32.dll
0x00007fffffa10000 - 0x00007fffffb42000 	C:\Windows\system32\hmpalert.dll
0x00007fffffd20000 - 0x00007ffffffe9000 	C:\WINDOWS\System32\KERNELBASE.dll
0x00007ff802380000 - 0x00007ff80242c000 	C:\WINDOWS\System32\ADVAPI32.dll
0x00007ff800eb0000 - 0x00007ff800f4e000 	C:\WINDOWS\System32\msvcrt.dll
0x00007ff801220000 - 0x00007ff8012bc000 	C:\WINDOWS\System32\sechost.dll
0x00007ff801020000 - 0x00007ff80114b000 	C:\WINDOWS\System32\RPCRT4.dll
0x00007ff8007f0000 - 0x00007ff800990000 	C:\WINDOWS\System32\USER32.dll
0x00007ff8000b0000 - 0x00007ff8000d2000 	C:\WINDOWS\System32\win32u.dll
0x00007ff8012c0000 - 0x00007ff8012ea000 	C:\WINDOWS\System32\GDI32.dll
0x00007ff800510000 - 0x00007ff800619000 	C:\WINDOWS\System32\gdi32full.dll
0x00007ff800470000 - 0x00007ff80050d000 	C:\WINDOWS\System32\msvcp_win.dll
0x00007ff800310000 - 0x00007ff800410000 	C:\WINDOWS\System32\ucrtbase.dll
0x00007ffff7f50000 - 0x00007ffff81eb000 	C:\WINDOWS\WinSxS\amd64_microsoft.windows.common-controls_6595b64144ccf1df_6.0.19041.488_none_ca04af081b815d21\COMCTL32.dll
0x00007ff800da0000 - 0x00007ff800dd0000 	C:\WINDOWS\System32\IMM32.DLL
0x0000000053e70000 - 0x0000000053f42000 	C:\Program Files\Java\jdk1.8.0_131\jre\bin\msvcr100.dll
0x00000000535d0000 - 0x0000000053e6c000 	C:\Program Files\Java\jdk1.8.0_131\jre\bin\server\jvm.dll
0x00007ff802620000 - 0x00007ff802628000 	C:\WINDOWS\System32\PSAPI.DLL
0x00007fffe9510000 - 0x00007fffe9519000 	C:\WINDOWS\SYSTEM32\WSOCK32.dll
0x00007ff8011b0000 - 0x00007ff80121b000 	C:\WINDOWS\System32\WS2_32.dll
0x00007fffe41d0000 - 0x00007fffe41f7000 	C:\WINDOWS\SYSTEM32\WINMM.dll
0x00007ffff8620000 - 0x00007ffff862a000 	C:\WINDOWS\SYSTEM32\VERSION.dll
0x00000000535c0000 - 0x00000000535cf000 	C:\Program Files\Java\jdk1.8.0_131\jre\bin\verify.dll
0x0000000053590000 - 0x00000000535b9000 	C:\Program Files\Java\jdk1.8.0_131\jre\bin\java.dll
0x0000000052b80000 - 0x0000000052bb5000 	C:\Program Files\Java\jdk1.8.0_131\jre\bin\jdwp.dll
0x0000000052b70000 - 0x0000000052b78000 	C:\Program Files\Java\jdk1.8.0_131\jre\bin\npt.dll
0x0000000052b40000 - 0x0000000052b63000 	C:\Program Files\Java\jdk1.8.0_131\jre\bin\instrument.dll
0x0000000053570000 - 0x0000000053586000 	C:\Program Files\Java\jdk1.8.0_131\jre\bin\zip.dll
0x00007ff8012f0000 - 0x00007ff801a32000 	C:\WINDOWS\System32\SHELL32.dll
0x00007ffffd9c0000 - 0x00007ffffe155000 	C:\WINDOWS\SYSTEM32\windows.storage.dll
0x00007ff800a40000 - 0x00007ff800d96000 	C:\WINDOWS\System32\combase.dll
0x00007fffff600000 - 0x00007fffff62c000 	C:\WINDOWS\SYSTEM32\Wldp.dll
0x00007ff801a40000 - 0x00007ff801aee000 	C:\WINDOWS\System32\SHCORE.dll
0x00007ff801150000 - 0x00007ff8011a5000 	C:\WINDOWS\System32\shlwapi.dll
0x00007fffffcc0000 - 0x00007fffffce6000 	C:\WINDOWS\SYSTEM32\profapi.dll
0x0000000052b30000 - 0x0000000052b39000 	C:\Program Files\Java\jdk1.8.0_131\jre\bin\dt_socket.dll
0x00007fffff3f0000 - 0x00007fffff45a000 	C:\WINDOWS\system32\mswsock.dll
0x0000000053550000 - 0x000000005356a000 	C:\Program Files\Java\jdk1.8.0_131\jre\bin\net.dll
0x00007fffff100000 - 0x00007fffff1cb000 	C:\WINDOWS\SYSTEM32\DNSAPI.dll
0x00007fffff0b0000 - 0x00007fffff0eb000 	C:\WINDOWS\SYSTEM32\IPHLPAPI.DLL
0x00007ff800f50000 - 0x00007ff800f58000 	C:\WINDOWS\System32\NSI.dll
0x00007ffffae60000 - 0x00007ffffae6a000 	C:\Windows\System32\rasadhlp.dll
0x00007ffffa8b0000 - 0x00007ffffa92f000 	C:\WINDOWS\System32\fwpuclnt.dll
0x00007ff800080000 - 0x00007ff8000a7000 	C:\WINDOWS\System32\bcrypt.dll
0x0000000052bc0000 - 0x0000000052bcd000 	C:\Program Files\Java\jdk1.8.0_131\jre\bin\management.dll
0x0000000053530000 - 0x0000000053541000 	C:\Program Files\Java\jdk1.8.0_131\jre\bin\nio.dll
0x00007fffff640000 - 0x00007fffff658000 	C:\WINDOWS\SYSTEM32\CRYPTSP.dll
0x00007ffffed30000 - 0x00007ffffed64000 	C:\WINDOWS\system32\rsaenh.dll
0x00007fffffc90000 - 0x00007fffffcbe000 	C:\WINDOWS\SYSTEM32\USERENV.dll
0x00007ff8000e0000 - 0x00007ff800160000 	C:\WINDOWS\System32\bcryptprimitives.dll
0x00007fffff570000 - 0x00007fffff57c000 	C:\WINDOWS\SYSTEM32\CRYPTBASE.dll
0x00007ffffab70000 - 0x00007ffffab87000 	C:\WINDOWS\SYSTEM32\dhcpcsvc6.DLL
0x00007ffffa930000 - 0x00007ffffa94d000 	C:\WINDOWS\SYSTEM32\dhcpcsvc.DLL
0x00007fffdf630000 - 0x00007fffdf647000 	C:\WINDOWS\system32\napinsp.dll
0x00007fffdf5d0000 - 0x00007fffdf5eb000 	C:\WINDOWS\system32\pnrpnsp.dll
0x00007fffdf5b0000 - 0x00007fffdf5c5000 	C:\WINDOWS\system32\wshbth.dll
0x00007ffffb2f0000 - 0x00007ffffb30d000 	C:\WINDOWS\system32\NLAapi.dll
0x00007fffdf560000 - 0x00007fffdf572000 	C:\WINDOWS\System32\winrnr.dll
0x00007ffffe220000 - 0x00007ffffe404000 	C:\WINDOWS\SYSTEM32\dbghelp.dll

VM Arguments:
jvm_args: -agentlib:jdwp=transport=dt_socket,address=127.0.0.1:53510,suspend=y,server=n -XX:TieredStopAtLevel=1 -Xverify:none -Dspring.output.ansi.enabled=always -Dcom.sun.management.jmxremote -Dspring.jmx.enabled=true -Dspring.liveBeansView.mbeanDomain -Dspring.application.admin.enabled=true -javaagent:C:\Users\abargavakumar\.IntelliJIdea2019.1\system\captureAgent\debugger-agent.jar -Dfile.encoding=UTF-8 
java_command: com.prokarma.poc.consumer.ConsumerApplication
java_class_path (initial): C:\Program Files\Java\jdk1.8.0_131\jre\lib\charsets.jar;C:\Program Files\Java\jdk1.8.0_131\jre\lib\deploy.jar;C:\Program Files\Java\jdk1.8.0_131\jre\lib\ext\access-bridge-64.jar;C:\Program Files\Java\jdk1.8.0_131\jre\lib\ext\cldrdata.jar;C:\Program Files\Java\jdk1.8.0_131\jre\lib\ext\dnsns.jar;C:\Program Files\Java\jdk1.8.0_131\jre\lib\ext\jaccess.jar;C:\Program Files\Java\jdk1.8.0_131\jre\lib\ext\jfxrt.jar;C:\Program Files\Java\jdk1.8.0_131\jre\lib\ext\localedata.jar;C:\Program Files\Java\jdk1.8.0_131\jre\lib\ext\nashorn.jar;C:\Program Files\Java\jdk1.8.0_131\jre\lib\ext\sunec.jar;C:\Program Files\Java\jdk1.8.0_131\jre\lib\ext\sunjce_provider.jar;C:\Program Files\Java\jdk1.8.0_131\jre\lib\ext\sunmscapi.jar;C:\Program Files\Java\jdk1.8.0_131\jre\lib\ext\sunpkcs11.jar;C:\Program Files\Java\jdk1.8.0_131\jre\lib\ext\zipfs.jar;C:\Program Files\Java\jdk1.8.0_131\jre\lib\javaws.jar;C:\Program Files\Java\jdk1.8.0_131\jre\lib\jce.jar;C:\Program Files\Java\jdk1.8.0_131\jre\lib\jfr.jar;C:\Program Files\Java\jdk1.8.0_131\jre\lib\jfxswt.jar;C:\Program Files\Java\jdk1.8.0_131\jre\lib\jsse.jar;C:\Program Files\Java\jdk1.8.0_131\jre\lib\management-agent.jar;C:\Program Files\Java\jdk1.8.0_131\jre\lib\plugin.jar;C:\Program Files\Java\jdk1.8.0_131\jre\lib\resources.jar;C:\Program Files\Java\jdk1.8.0_131\jre\lib\rt.jar;D:\Learnings\Assignment kafka\consumer\consumer\target\classes;C:\Users\abargavakumar\.m2\repository\org\springframework\boot\spring-boot-starter\2.4.1\spring-boot-starter-2.4.1.jar;C:\Users\abargavakumar\.m2\repository\org\springframework\boot\spring-boot\2.4.1\spring-boot-2.4.1.jar;C:\Users\abargavakumar\.m2\repository\org\springframework\boot\spring-boot-autoconfigure\2.4.1\spring-boot-autoconfigure-2.4.1.jar;C:\Users\abargavakumar\.m2\repository\org\springframework\boot\spring-boot-starter-logging\2.4.1\spring-boot-starter-logging-2.4.1.jar;C:\Users\abargavakumar\.m2\repository\ch\qos\logback\logback-classic\1.2.3\logback-classic-1.2.3.j
Launcher Type: SUN_STANDARD

Environment Variables:
JAVA_HOME=C:\Program Files\Java\jdk1.8.0_131
PATH=C:\ProgramData\Oracle\Java\javapath;C:\Program Files (x86)\Intel\Intel(R) Management Engine Components\iCLS\;C:\Program Files\Intel\Intel(R) Management Engine Components\iCLS\;C:\WINDOWS\system32;C:\WINDOWS;C:\WINDOWS\System32\Wbem;C:\WINDOWS\System32\WindowsPowerShell\v1.0\;C:\WINDOWS\System32\OpenSSH\;C:\Program Files (x86)\Intel\Intel(R) Management Engine Components\DAL;C:\Program Files\Intel\Intel(R) Management Engine Components\DAL;C:\Program Files (x86)\Intel\Intel(R) Management Engine Components\IPT;C:\Program Files\Intel\Intel(R) Management Engine Components\IPT;C:\Program Files (x86)\Symantec\VIP Access Client\;C:\Program Files\Java\jdk1.8.0_131\bin;D:\Softwares\gradle-4.10.2\bin;D:\Softwares\grails-2.4.5\bin;D:\Softwares\apache-maven-3.6.3\bin;D:\Softwares\groovy-2.4.10\bin;C:\Program Files\Git\cmd;C:\Program Files (x86)\Sennheiser\SoftphoneSDK\;D:\Softwares\Jenkins_local\home;C:\Program Files\Microsoft VS Code\bin;C:\Program Files\Cloud Foundry;C:\Program Files\Docker\Docker\resources\bin;C:\ProgramData\DockerDesktop\version-bin;C:\Users\abargavakumar\AppData\Roaming\nvm;C:\Program Files\nodejs;D:\Softwares\curl-7.71.1-win64-mingw\bin;C:\Program Files\nodejs\;C:\Python27\;C:\Users\abargavakumar\AppData\Local\Microsoft\WindowsApps;C:\Users\Administrator\AppData\Roaming\npm;C:\Users\abargavakumar\AppData\Roaming\nvm;C:\Program Files\nodejs;C:\Users\abargavakumar\AppData\Roaming\npm;D:\Softwares\kafka_2.12-2.7.0\bin\windows;
USERNAME=abargavakumar
OS=Windows_NT
PROCESSOR_IDENTIFIER=Intel64 Family 6 Model 142 Stepping 10, GenuineIntel



---------------  S Y S T E M  ---------------

OS: Windows 10.0 , 64 bit Build 19041 (10.0.19041.662)

CPU:total 8 (initial active 8) (4 cores per cpu, 2 threads per core) family 6 model 142 stepping 10, cmov, cx8, fxsr, mmx, sse, sse2, sse3, ssse3, sse4.1, sse4.2, popcnt, avx, avx2, aes, clmul, erms, 3dnowpref, lzcnt, ht, tsc, tscinvbit, bmi1, bmi2, adx

Memory: 4k page, physical 16627908k(7135972k free), swap 19118276k(5674576k free)

vm_info: Java HotSpot(TM) 64-Bit Server VM (25.131-b11) for windows-amd64 JRE (1.8.0_131-b11), built on Mar 15 2017 01:23:53 by "java_re" with MS VC++ 10.0 (VS2010)

time: Sun Jan 17 18:34:15 2021
elapsed time: 3 seconds (0d 0h 0m 3s)

